<?xml version="1.0" encoding="UTF-8"?>
<!-- Generated by org.testng.reporters.JUnitReportReporter -->
<testsuite name="net.wangxinli.testng.TestngCase1" tests="2" time="373.750" ignored="0" failures="0" timestamp="13 十月 2018 13:30:52 GMT" skipped="0" hostname="9F4DPZEFAFKTU3U" errors="0">
  <testcase name="test001_editStore" time="324.275" classname="net.wangxinli.testng.TestngCase1"/>
  <testcase name="test002_prepare" time="49.475" classname="net.wangxinli.testng.TestngCase1"/>
</testsuite> <!-- net.wangxinli.testng.TestngCase1 -->
